Using pre-set license
Built from '2020.3/staging' branch; Version is '2020.3.11f1 (99c7afb366b3) revision 10078127'; Using compiler version '192528614'; Build Type 'Release'
OS: 'Windows 10 Home Single Language; OS build 19042.985; Version 2009; 64bit' Language: 'en' Physical Memory: 8049 MB
BatchMode: 1, IsHumanControllingUs: 0, StartBugReporterOnCrash: 0, Is64bit: 1, IsPro: 0

 COMMAND LINE ARGUMENTS:
C:\Users\Kartik Singh\Documents\Unity games\2020.3.11f1\Editor\Unity.exe
-adb2
-batchMode
-noUpm
-name
AssetImportWorker0
-projectPath
D:/KEPL/gitrepo/Unity Projects/Techframes/LearningNumbers11-19(04-06)-AllFiles/LearningNumbers11-19(04-06)/LearningNumbers11-19_SourceCode_(04-06)/LearningNumber11-19
-logFile
Logs/AssetImportWorker0.log
-srvPort
58520
Successfully changed project path to: D:/KEPL/gitrepo/Unity Projects/Techframes/LearningNumbers11-19(04-06)-AllFiles/LearningNumbers11-19(04-06)/LearningNumbers11-19_SourceCode_(04-06)/LearningNumber11-19
D:/KEPL/gitrepo/Unity Projects/Techframes/LearningNumbers11-19(04-06)-AllFiles/LearningNumbers11-19(04-06)/LearningNumbers11-19_SourceCode_(04-06)/LearningNumber11-19
Using Asset Import Pipeline V2.
Refreshing native plugins compatible for Editor in 57.43 ms, found 2 plugins.
Preloading 0 native plugins for Editor in 0.00 ms.
Initialize engine version: 2020.3.11f1 (99c7afb366b3)
[Subsystems] Discovering subsystems at path C:/Users/Kartik Singh/Documents/Unity games/2020.3.11f1/Editor/Data/Resources/UnitySubsystems
[Subsystems] Discovering subsystems at path D:/KEPL/gitrepo/Unity Projects/Techframes/LearningNumbers11-19(04-06)-AllFiles/LearningNumbers11-19(04-06)/LearningNumbers11-19_SourceCode_(04-06)/LearningNumber11-19/Assets
GfxDevice: creating device client; threaded=0
Direct3D:
    Version:  Direct3D 11.0 [level 11.1]
    Renderer: Intel(R) HD Graphics 520 (ID=0x1916)
    Vendor:   
    VRAM:     4024 MB
    Driver:   23.20.16.4973
Initialize mono
Mono path[0] = 'C:/Users/Kartik Singh/Documents/Unity games/2020.3.11f1/Editor/Data/Managed'
Mono path[1] = 'C:/Users/Kartik Singh/Documents/Unity games/2020.3.11f1/Editor/Data/MonoBleedingEdge/lib/mono/unityjit'
Mono config path = 'C:/Users/Kartik Singh/Documents/Unity games/2020.3.11f1/Editor/Data/MonoBleedingEdge/etc'
Using monoOptions --debugger-agent=transport=dt_socket,embedding=1,server=y,suspend=n,address=127.0.0.1:56428
Begin MonoManager ReloadAssembly
Registering precompiled unity dll's ...
Register platform support module: C:/Users/Kartik Singh/Documents/Unity games/2020.3.11f1/Editor/Data/PlaybackEngines/WebGLSupport/UnityEditor.WebGL.Extensions.dll
Register platform support module: C:/Users/Kartik Singh/Documents/Unity games/2020.3.11f1/Editor/Data/PlaybackEngines/WindowsStandaloneSupport/UnityEditor.WindowsStandalone.Extensions.dll
Registered in 0.007289 seconds.
Native extension for WindowsStandalone target not found
Native extension for WebGL target not found
Refreshing native plugins compatible for Editor in 73.85 ms, found 2 plugins.
Preloading 0 native plugins for Editor in 0.00 ms.
Mono: successfully reloaded assembly
- Completed reload, in  3.268 seconds
Platform modules already initialized, skipping
Registering precompiled user dll's ...
Registered in 0.006413 seconds.
Begin MonoManager ReloadAssembly
Native extension for WindowsStandalone target not found
Native extension for WebGL target not found
Refreshing native plugins compatible for Editor in 0.59 ms, found 2 plugins.
Preloading 0 native plugins for Editor in 0.00 ms.
Mono: successfully reloaded assembly
- Completed reload, in  2.658 seconds
Platform modules already initialized, skipping
========================================================================
Worker process is ready to serve import requests
Launched and connected shader compiler UnityShaderCompiler.exe after 0.24 seconds
Refreshing native plugins compatible for Editor in 0.74 ms, found 2 plugins.
Preloading 0 native plugins for Editor in 0.00 ms.
Unloading 1428 Unused Serialized files (Serialized files now loaded: 0)
System memory in use before: 68.0 MB.
System memory in use after: 68.0 MB.

Unloading 18 unused Assets to reduce memory usage. Loaded Objects now: 1863.
Total: 3.676000 ms (FindLiveObjects: 0.187900 ms CreateObjectMapping: 0.240600 ms MarkObjects: 3.135200 ms  DeleteObjects: 0.110700 ms)

========================================================================
Received Import Request.
  path: Assets/LearningNumbers/Menu_Scripts/StaticVariables.cs
  artifactKey: Guid(ab277270355db1e4e8bd4b0bda061940) Importer(815301076,1909f56bfc062723c751e8b465ee728b)
Start importing Assets/LearningNumbers/Menu_Scripts/StaticVariables.cs using Guid(ab277270355db1e4e8bd4b0bda061940) Importer(815301076,1909f56bfc062723c751e8b465ee728b)  -> (artifact id: 'e19f1c2e6c86c5ce614cdd15357983ea') in 0.953511 seconds
  Import took 1.006857 seconds .

AssetImportWorkerClient::OnTransportError - code=2 error=End of file
